----------
-- XACT --
----------
-- _meta --
SELECT zdb_get_index_mapping('so_posts')->'mappings'->'xact'->'_meta'->>'primary_key' = 'id';
 ?column? 
----------
 t
(1 row)

-- _all --
SELECT (zdb_get_index_mapping('so_posts')->'mappings'->'xact'->'_all'->>'enabled')::boolean = false;
 ?column? 
----------
 t
(1 row)

-- _field_names --
SELECT zdb_get_index_mapping('so_posts')->'mappings'->'xact'->'_field_names'->>'type' = '_field_names';
 ?column? 
----------
 t
(1 row)

SELECT zdb_get_index_mapping('so_posts')->'mappings'->'xact'->'_field_names'->>'index' = 'no';
 ?column? 
----------
 t
(1 row)

-- properties --
SELECT zdb_get_index_mapping('so_posts')->'mappings'->'xact'->'properties'->'_cmax'->>'type' = 'integer';
 ?column? 
----------
 t
(1 row)

SELECT zdb_get_index_mapping('so_posts')->'mappings'->'xact'->'properties'->'_cmax'->'fielddata'->>'format' = 'disabled';
 ?column? 
----------
 t
(1 row)

SELECT zdb_get_index_mapping('so_posts')->'mappings'->'xact'->'properties'->'_cmin'->>'type' = 'integer';
 ?column? 
----------
 t
(1 row)

SELECT zdb_get_index_mapping('so_posts')->'mappings'->'xact'->'properties'->'_cmin'->'fielddata'->>'format' = 'disabled';
 ?column? 
----------
 t
(1 row)

SELECT zdb_get_index_mapping('so_posts')->'mappings'->'xact'->'properties'->'_partial'->>'type' = 'boolean';
 ?column? 
----------
 t
(1 row)

SELECT zdb_get_index_mapping('so_posts')->'mappings'->'xact'->'properties'->'_partial'->'fielddata'->>'format' = 'disabled';
 ?column? 
----------
 t
(1 row)

SELECT zdb_get_index_mapping('so_posts')->'mappings'->'xact'->'properties'->'_xmax'->>'type' = 'integer';
 ?column? 
----------
 t
(1 row)

SELECT zdb_get_index_mapping('so_posts')->'mappings'->'xact'->'properties'->'_xmax'->'fielddata'->>'format' = 'disabled';
 ?column? 
----------
 t
(1 row)

SELECT zdb_get_index_mapping('so_posts')->'mappings'->'xact'->'properties'->'_xmax_is_committed'->>'type' = 'boolean';
 ?column? 
----------
 t
(1 row)

SELECT zdb_get_index_mapping('so_posts')->'mappings'->'xact'->'properties'->'_xmax_is_committed'->'fielddata'->>'format' = 'disabled';
 ?column? 
----------
 t
(1 row)

SELECT zdb_get_index_mapping('so_posts')->'mappings'->'xact'->'properties'->'_xmin'->>'type' = 'integer';
 ?column? 
----------
 t
(1 row)

SELECT zdb_get_index_mapping('so_posts')->'mappings'->'xact'->'properties'->'_xmin'->'fielddata'->>'format' = 'disabled';
 ?column? 
----------
 t
(1 row)

SELECT zdb_get_index_mapping('so_posts')->'mappings'->'xact'->'properties'->'_xmin_is_committed'->>'type' = 'boolean';
 ?column? 
----------
 t
(1 row)

SELECT zdb_get_index_mapping('so_posts')->'mappings'->'xact'->'properties'->'_xmin_is_committed'->'fielddata'->>'format' = 'disabled';
 ?column? 
----------
 t
(1 row)

----------
-- DATA --
----------
-- _meta --
SELECT zdb_get_index_mapping('so_posts')->'mappings'->'data'->'_meta'->>'primary_key' = 'id';
 ?column? 
----------
 t
(1 row)

-- _all --
SELECT zdb_get_index_mapping('so_posts')->'mappings'->'data'->'_all'->>'analyzer' = 'phrase';
 ?column? 
----------
 t
(1 row)

-- _parent --
SELECT zdb_get_index_mapping('so_posts')->'mappings'->'data'->'_parent'->>'type' = 'xact';
 ?column? 
----------
 t
(1 row)

-- _routing --
SELECT zdb_get_index_mapping('so_posts')->'mappings'->'data'->'_routing'->>'required' = 'true';
 ?column? 
----------
 t
(1 row)

-- _field_names --
SELECT zdb_get_index_mapping('so_posts')->'mappings'->'data'->'_field_names'->>'type' = '_field_names';
 ?column? 
----------
 t
(1 row)

SELECT zdb_get_index_mapping('so_posts')->'mappings'->'data'->'_field_names'->>'index' = 'no';
 ?column? 
----------
 t
(1 row)

-- _source --
SELECT zdb_get_index_mapping('so_posts')->'mappings'->'data'->'_source'->>'enabled' = 'false';
 ?column? 
----------
 t
(1 row)

